0 info it worked if it ends with ok
1 verbose cli [ 'C:\\Program Files\\nodejs\\node.exe',
1 verbose cli   'C:\\Program Files\\nodejs\\node_modules\\npm\\bin\\npm-cli.js',
1 verbose cli   'install',
1 verbose cli   '-save',
1 verbose cli   'bcrypt' ]
2 info using npm@2.14.7
3 info using node@v4.2.3
4 verbose install initial load of C:\Ravee\nodejs\Express\mongo3\package.json
5 warn package.json mongo3@1.0.0 No repository field.
6 warn package.json mongo3@1.0.0 No README data
7 verbose installManyTop reading scoped package data from C:\Ravee\nodejs\Express\mongo3\node_modules\body-parser\package.json
8 verbose installManyTop reading scoped package data from C:\Ravee\nodejs\Express\mongo3\node_modules\chalk\package.json
9 verbose installManyTop reading scoped package data from C:\Ravee\nodejs\Express\mongo3\node_modules\ejs\package.json
10 verbose installManyTop reading scoped package data from C:\Ravee\nodejs\Express\mongo3\node_modules\express\package.json
11 verbose installManyTop reading scoped package data from C:\Ravee\nodejs\Express\mongo3\node_modules\express-session\package.json
12 verbose installManyTop reading scoped package data from C:\Ravee\nodejs\Express\mongo3\node_modules\mongoose\package.json
13 verbose readDependencies loading dependencies from C:\Ravee\nodejs\Express\mongo3\package.json
14 silly cache add args [ 'bcrypt', null ]
15 verbose cache add spec bcrypt
16 silly cache add parsed spec Result {
16 silly cache add   raw: 'bcrypt',
16 silly cache add   scope: null,
16 silly cache add   name: 'bcrypt',
16 silly cache add   rawSpec: '',
16 silly cache add   spec: '*',
16 silly cache add   type: 'range' }
17 silly addNamed bcrypt@*
18 verbose addNamed "*" is a valid semver range for bcrypt
19 silly addNameRange { name: 'bcrypt', range: '*', hasData: false }
20 silly mapToRegistry name bcrypt
21 silly mapToRegistry using default registry
22 silly mapToRegistry registry https://registry.npmjs.org/
23 silly mapToRegistry uri https://registry.npmjs.org/bcrypt
24 verbose addNameRange registry:https://registry.npmjs.org/bcrypt not in flight; fetching
25 verbose request uri https://registry.npmjs.org/bcrypt
26 verbose request no auth needed
27 info attempt registry request try #1 at 10:15:22 PM
28 verbose request id 4f353fa5f9ee4923
29 verbose etag W/"5836dd15-1429f"
30 verbose lastModified Thu, 24 Nov 2016 12:29:09 GMT
31 http request GET https://registry.npmjs.org/bcrypt
32 http 304 https://registry.npmjs.org/bcrypt
33 verbose headers { date: 'Tue, 29 Nov 2016 16:45:24 GMT',
33 verbose headers   via: '1.1 varnish',
33 verbose headers   'cache-control': 'max-age=300',
33 verbose headers   etag: 'W/"5836dd15-1429f"',
33 verbose headers   age: '0',
33 verbose headers   connection: 'keep-alive',
33 verbose headers   'x-served-by': 'cache-sin6925-SIN',
33 verbose headers   'x-cache': 'HIT',
33 verbose headers   'x-cache-hits': '1',
33 verbose headers   'x-timer': 'S1480437924.476381,VS0,VE103',
33 verbose headers   vary: 'Accept-Encoding' }
34 silly get cb [ 304,
34 silly get   { date: 'Tue, 29 Nov 2016 16:45:24 GMT',
34 silly get     via: '1.1 varnish',
34 silly get     'cache-control': 'max-age=300',
34 silly get     etag: 'W/"5836dd15-1429f"',
34 silly get     age: '0',
34 silly get     connection: 'keep-alive',
34 silly get     'x-served-by': 'cache-sin6925-SIN',
34 silly get     'x-cache': 'HIT',
34 silly get     'x-cache-hits': '1',
34 silly get     'x-timer': 'S1480437924.476381,VS0,VE103',
34 silly get     vary: 'Accept-Encoding' } ]
35 verbose etag https://registry.npmjs.org/bcrypt from cache
36 verbose get saving bcrypt to C:\Users\ravi.intipalli\AppData\Roaming\npm-cache\registry.npmjs.org\bcrypt\.cache.json
37 silly addNameRange number 2 { name: 'bcrypt', range: '*', hasData: true }
38 silly addNameRange versions [ 'bcrypt',
38 silly addNameRange   [ '0.1.2',
38 silly addNameRange     '0.2.0',
38 silly addNameRange     '0.2.1',
38 silly addNameRange     '0.1.3',
38 silly addNameRange     '0.2.2',
38 silly addNameRange     '0.2.3',
38 silly addNameRange     '0.2.4',
38 silly addNameRange     '0.3.0',
38 silly addNameRange     '0.3.1',
38 silly addNameRange     '0.3.2',
38 silly addNameRange     '0.4.0',
38 silly addNameRange     '0.4.1',
38 silly addNameRange     '0.5.0',
38 silly addNameRange     '0.6.0',
38 silly addNameRange     '0.7.0',
38 silly addNameRange     '0.7.1',
38 silly addNameRange     '0.7.2',
38 silly addNameRange     '0.7.3',
38 silly addNameRange     '0.7.4',
38 silly addNameRange     '0.7.5',
38 silly addNameRange     '0.7.6',
38 silly addNameRange     '0.7.7',
38 silly addNameRange     '0.7.8',
38 silly addNameRange     '0.8.0',
38 silly addNameRange     '0.8.1',
38 silly addNameRange     '0.8.2',
38 silly addNameRange     '0.8.3',
38 silly addNameRange     '0.8.4',
38 silly addNameRange     '0.8.5',
38 silly addNameRange     '0.8.6',
38 silly addNameRange     '0.8.7' ] ]
39 silly addNamed bcrypt@0.8.7
40 verbose addNamed "0.8.7" is a plain semver version for bcrypt
41 silly cache afterAdd bcrypt@0.8.7
42 verbose afterAdd C:\Users\ravi.intipalli\AppData\Roaming\npm-cache\bcrypt\0.8.7\package\package.json not in flight; writing
43 verbose afterAdd C:\Users\ravi.intipalli\AppData\Roaming\npm-cache\bcrypt\0.8.7\package\package.json written
44 silly install resolved [ { name: 'bcrypt',
44 silly install resolved     description: 'A bcrypt library for NodeJS.',
44 silly install resolved     keywords:
44 silly install resolved      [ 'bcrypt',
44 silly install resolved        'password',
44 silly install resolved        'auth',
44 silly install resolved        'authentication',
44 silly install resolved        'encryption',
44 silly install resolved        'crypt',
44 silly install resolved        'crypto' ],
44 silly install resolved     main: './bcrypt',
44 silly install resolved     version: '0.8.7',
44 silly install resolved     author: { name: 'Nick Campbell', url: 'https://github.com/ncb000gt' },
44 silly install resolved     engines: { node: '>= 0.6.0' },
44 silly install resolved     repository:
44 silly install resolved      { type: 'git',
44 silly install resolved        url: 'git+https://github.com/ncb000gt/node.bcrypt.js.git' },
44 silly install resolved     license: 'MIT',
44 silly install resolved     bugs: { url: 'https://github.com/ncb000gt/node.bcrypt.js/issues' },
44 silly install resolved     scripts:
44 silly install resolved      { test: 'node-gyp configure build && nodeunit test',
44 silly install resolved        install: 'node-gyp rebuild' },
44 silly install resolved     dependencies: { bindings: '1.2.1', nan: '2.3.5' },
44 silly install resolved     devDependencies: { nodeunit: '~0.9.1' },
44 silly install resolved     contributors:
44 silly install resolved      [ [Object],
44 silly install resolved        [Object],
44 silly install resolved        [Object],
44 silly install resolved        [Object],
44 silly install resolved        [Object],
44 silly install resolved        [Object],
44 silly install resolved        [Object],
44 silly install resolved        [Object],
44 silly install resolved        [Object],
44 silly install resolved        [Object],
44 silly install resolved        [Object],
44 silly install resolved        [Object],
44 silly install resolved        [Object],
44 silly install resolved        [Object] ],
44 silly install resolved     gypfile: true,
44 silly install resolved     gitHead: '0dc9b78dab6980d129b77d1df723aa44daa7deb4',
44 silly install resolved     homepage: 'https://github.com/ncb000gt/node.bcrypt.js#readme',
44 silly install resolved     _id: 'bcrypt@0.8.7',
44 silly install resolved     _shasum: 'bc3875a9afd0a7b2cd231a6a7f218a5ce156b093',
44 silly install resolved     _from: 'bcrypt@*',
44 silly install resolved     _npmVersion: '3.8.9',
44 silly install resolved     _nodeVersion: '6.2.0',
44 silly install resolved     _npmUser: { name: 'defunctzombie', email: 'shtylman@gmail.com' },
44 silly install resolved     dist:
44 silly install resolved      { shasum: 'bc3875a9afd0a7b2cd231a6a7f218a5ce156b093',
44 silly install resolved        tarball: 'https://registry.npmjs.org/bcrypt/-/bcrypt-0.8.7.tgz' },
44 silly install resolved     maintainers: [ [Object], [Object], [Object], [Object] ],
44 silly install resolved     _npmOperationalInternal:
44 silly install resolved      { host: 'packages-12-west.internal.npmjs.com',
44 silly install resolved        tmp: 'tmp/bcrypt-0.8.7.tgz_1465526713712_0.05265477881766856' },
44 silly install resolved     directories: {},
44 silly install resolved     _resolved: 'https://registry.npmjs.org/bcrypt/-/bcrypt-0.8.7.tgz',
44 silly install resolved     readme: 'ERROR: No README data found!' } ]
45 info install bcrypt@0.8.7 into C:\Ravee\nodejs\Express\mongo3
46 info installOne bcrypt@0.8.7
47 verbose installOne of bcrypt to C:\Ravee\nodejs\Express\mongo3 not in flight; installing
48 verbose lock using C:\Users\ravi.intipalli\AppData\Roaming\npm-cache\_locks\bcrypt-efc1222d0fffbb9a.lock for C:\Ravee\nodejs\Express\mongo3\node_modules\bcrypt
49 silly install write writing bcrypt 0.8.7 to C:\Ravee\nodejs\Express\mongo3\node_modules\bcrypt
50 verbose unbuild node_modules\bcrypt
51 silly gentlyRm C:\Ravee\nodejs\Express\mongo3\node_modules\bcrypt is being purged from base C:\Ravee\nodejs\Express\mongo3
52 verbose gentlyRm don't care about contents; nuking C:\Ravee\nodejs\Express\mongo3\node_modules\bcrypt
53 verbose tar unpack C:\Users\ravi.intipalli\AppData\Roaming\npm-cache\bcrypt\0.8.7\package.tgz
54 verbose tar unpacking to C:\Ravee\nodejs\Express\mongo3\node_modules\bcrypt
55 silly gentlyRm C:\Ravee\nodejs\Express\mongo3\node_modules\bcrypt is being purged
56 verbose gentlyRm don't care about contents; nuking C:\Ravee\nodejs\Express\mongo3\node_modules\bcrypt
57 silly gunzTarPerm modes [ '777', '666' ]
58 silly gunzTarPerm extractEntry package.json
59 silly gunzTarPerm modified mode [ 'package.json', 420, 438 ]
60 silly gunzTarPerm extractEntry .npmignore
61 silly gunzTarPerm modified mode [ '.npmignore', 420, 438 ]
62 silly gunzTarPerm extractEntry README.md
63 silly gunzTarPerm modified mode [ 'README.md', 420, 438 ]
64 silly gunzTarPerm extractEntry LICENSE
65 silly gunzTarPerm modified mode [ 'LICENSE', 420, 438 ]
66 silly gunzTarPerm extractEntry bcrypt.js
67 silly gunzTarPerm modified mode [ 'bcrypt.js', 420, 438 ]
68 silly gunzTarPerm extractEntry Makefile
69 silly gunzTarPerm modified mode [ 'Makefile', 420, 438 ]
70 silly gunzTarPerm extractEntry .travis.yml
71 silly gunzTarPerm modified mode [ '.travis.yml', 420, 438 ]
72 silly gunzTarPerm extractEntry CHANGELOG.md
73 silly gunzTarPerm modified mode [ 'CHANGELOG.md', 420, 438 ]
74 silly gunzTarPerm extractEntry binding.gyp
75 silly gunzTarPerm modified mode [ 'binding.gyp', 420, 438 ]
76 silly gunzTarPerm extractEntry examples/async_compare.js
77 silly gunzTarPerm modified mode [ 'examples/async_compare.js', 420, 438 ]
78 silly gunzTarPerm extractEntry examples/forever_gen_salt.js
79 silly gunzTarPerm modified mode [ 'examples/forever_gen_salt.js', 420, 438 ]
80 silly gunzTarPerm extractEntry test/async.js
81 silly gunzTarPerm modified mode [ 'test/async.js', 420, 438 ]
82 silly gunzTarPerm extractEntry test/repetitions.js
83 silly gunzTarPerm modified mode [ 'test/repetitions.js', 420, 438 ]
84 silly gunzTarPerm extractEntry test/sync.js
85 silly gunzTarPerm modified mode [ 'test/sync.js', 420, 438 ]
86 silly gunzTarPerm extractEntry ISSUE_TEMPLATE.md
87 silly gunzTarPerm modified mode [ 'ISSUE_TEMPLATE.md', 420, 438 ]
88 silly gunzTarPerm extractEntry src/bcrypt.cc
89 silly gunzTarPerm modified mode [ 'src/bcrypt.cc', 420, 438 ]
90 silly gunzTarPerm extractEntry src/bcrypt_node.cc
91 silly gunzTarPerm modified mode [ 'src/bcrypt_node.cc', 420, 438 ]
92 silly gunzTarPerm extractEntry src/blowfish.cc
93 silly gunzTarPerm modified mode [ 'src/blowfish.cc', 420, 438 ]
94 silly gunzTarPerm extractEntry src/node_blf.h
95 silly gunzTarPerm modified mode [ 'src/node_blf.h', 420, 438 ]
96 silly gunzTarPerm extractEntry werker.yml
97 silly gunzTarPerm modified mode [ 'werker.yml', 420, 438 ]
98 verbose write writing to C:\Ravee\nodejs\Express\mongo3\node_modules\bcrypt\package.json
99 info preinstall bcrypt@0.8.7
100 verbose readDependencies loading dependencies from C:\Ravee\nodejs\Express\mongo3\node_modules\bcrypt\package.json
101 silly prepareForInstallMany adding bindings@1.2.1 from bcrypt dependencies
102 silly prepareForInstallMany adding nan@2.3.5 from bcrypt dependencies
103 verbose readDependencies loading dependencies from C:\Ravee\nodejs\Express\mongo3\node_modules\bcrypt\package.json
104 silly cache add args [ 'bindings@1.2.1', null ]
105 verbose cache add spec bindings@1.2.1
106 silly cache add args [ 'nan@2.3.5', null ]
107 verbose cache add spec nan@2.3.5
108 silly cache add parsed spec Result {
108 silly cache add   raw: 'bindings@1.2.1',
108 silly cache add   scope: null,
108 silly cache add   name: 'bindings',
108 silly cache add   rawSpec: '1.2.1',
108 silly cache add   spec: '1.2.1',
108 silly cache add   type: 'version' }
109 silly addNamed bindings@1.2.1
110 verbose addNamed "1.2.1" is a plain semver version for bindings
111 silly mapToRegistry name bindings
112 silly mapToRegistry using default registry
113 silly mapToRegistry registry https://registry.npmjs.org/
114 silly mapToRegistry uri https://registry.npmjs.org/bindings
115 verbose addNameVersion registry:https://registry.npmjs.org/bindings not in flight; fetching
116 silly cache add parsed spec Result {
116 silly cache add   raw: 'nan@2.3.5',
116 silly cache add   scope: null,
116 silly cache add   name: 'nan',
116 silly cache add   rawSpec: '2.3.5',
116 silly cache add   spec: '2.3.5',
116 silly cache add   type: 'version' }
117 silly addNamed nan@2.3.5
118 verbose addNamed "2.3.5" is a plain semver version for nan
119 silly mapToRegistry name nan
120 silly mapToRegistry using default registry
121 silly mapToRegistry registry https://registry.npmjs.org/
122 silly mapToRegistry uri https://registry.npmjs.org/nan
123 verbose addNameVersion registry:https://registry.npmjs.org/nan not in flight; fetching
124 verbose request uri https://registry.npmjs.org/bindings
125 verbose request no auth needed
126 info attempt registry request try #1 at 10:15:25 PM
127 verbose etag W/"580645d3-46f7"
128 verbose lastModified Tue, 18 Oct 2016 15:54:59 GMT
129 http request GET https://registry.npmjs.org/bindings
130 verbose request uri https://registry.npmjs.org/nan
131 verbose request no auth needed
132 info attempt registry request try #1 at 10:15:25 PM
133 verbose etag W/"5818d749-1ce1e"
134 verbose lastModified Tue, 01 Nov 2016 17:56:25 GMT
135 http request GET https://registry.npmjs.org/nan
136 http 304 https://registry.npmjs.org/bindings
137 verbose headers { date: 'Tue, 29 Nov 2016 16:45:25 GMT',
137 verbose headers   via: '1.1 varnish',
137 verbose headers   'cache-control': 'max-age=300',
137 verbose headers   etag: 'W/"580645d3-46f7"',
137 verbose headers   age: '260',
137 verbose headers   connection: 'keep-alive',
137 verbose headers   'x-served-by': 'cache-sin6924-SIN',
137 verbose headers   'x-cache': 'HIT',
137 verbose headers   'x-cache-hits': '3',
137 verbose headers   'x-timer': 'S1480437925.905035,VS0,VE0',
137 verbose headers   vary: 'Accept-Encoding' }
138 silly get cb [ 304,
138 silly get   { date: 'Tue, 29 Nov 2016 16:45:25 GMT',
138 silly get     via: '1.1 varnish',
138 silly get     'cache-control': 'max-age=300',
138 silly get     etag: 'W/"580645d3-46f7"',
138 silly get     age: '260',
138 silly get     connection: 'keep-alive',
138 silly get     'x-served-by': 'cache-sin6924-SIN',
138 silly get     'x-cache': 'HIT',
138 silly get     'x-cache-hits': '3',
138 silly get     'x-timer': 'S1480437925.905035,VS0,VE0',
138 silly get     vary: 'Accept-Encoding' } ]
139 verbose etag https://registry.npmjs.org/bindings from cache
140 verbose get saving bindings to C:\Users\ravi.intipalli\AppData\Roaming\npm-cache\registry.npmjs.org\bindings\.cache.json
141 silly cache afterAdd bindings@1.2.1
142 verbose afterAdd C:\Users\ravi.intipalli\AppData\Roaming\npm-cache\bindings\1.2.1\package\package.json not in flight; writing
143 http 304 https://registry.npmjs.org/nan
144 verbose headers { date: 'Tue, 29 Nov 2016 16:45:25 GMT',
144 verbose headers   via: '1.1 varnish',
144 verbose headers   'cache-control': 'max-age=300',
144 verbose headers   etag: 'W/"5818d749-1ce1e"',
144 verbose headers   age: '298',
144 verbose headers   connection: 'keep-alive',
144 verbose headers   'x-served-by': 'cache-sin6925-SIN',
144 verbose headers   'x-cache': 'HIT',
144 verbose headers   'x-cache-hits': '4',
144 verbose headers   'x-timer': 'S1480437925.949860,VS0,VE0',
144 verbose headers   vary: 'Accept-Encoding' }
145 silly get cb [ 304,
145 silly get   { date: 'Tue, 29 Nov 2016 16:45:25 GMT',
145 silly get     via: '1.1 varnish',
145 silly get     'cache-control': 'max-age=300',
145 silly get     etag: 'W/"5818d749-1ce1e"',
145 silly get     age: '298',
145 silly get     connection: 'keep-alive',
145 silly get     'x-served-by': 'cache-sin6925-SIN',
145 silly get     'x-cache': 'HIT',
145 silly get     'x-cache-hits': '4',
145 silly get     'x-timer': 'S1480437925.949860,VS0,VE0',
145 silly get     vary: 'Accept-Encoding' } ]
146 verbose etag https://registry.npmjs.org/nan from cache
147 verbose get saving nan to C:\Users\ravi.intipalli\AppData\Roaming\npm-cache\registry.npmjs.org\nan\.cache.json
148 verbose afterAdd C:\Users\ravi.intipalli\AppData\Roaming\npm-cache\bindings\1.2.1\package\package.json written
149 silly cache afterAdd nan@2.3.5
150 verbose afterAdd C:\Users\ravi.intipalli\AppData\Roaming\npm-cache\nan\2.3.5\package\package.json not in flight; writing
151 verbose afterAdd C:\Users\ravi.intipalli\AppData\Roaming\npm-cache\nan\2.3.5\package\package.json written
152 silly install resolved [ { name: 'bindings',
152 silly install resolved     description: 'Helper module for loading your native module\'s .node file',
152 silly install resolved     keywords: [ 'native', 'addon', 'bindings', 'gyp', 'waf', 'c', 'c++' ],
152 silly install resolved     version: '1.2.1',
152 silly install resolved     author:
152 silly install resolved      { name: 'Nathan Rajlich',
152 silly install resolved        email: 'nathan@tootallnate.net',
152 silly install resolved        url: 'http://tootallnate.net' },
152 silly install resolved     repository:
152 silly install resolved      { type: 'git',
152 silly install resolved        url: 'git://github.com/TooTallNate/node-bindings.git' },
152 silly install resolved     main: './bindings.js',
152 silly install resolved     bugs: { url: 'https://github.com/TooTallNate/node-bindings/issues' },
152 silly install resolved     homepage: 'https://github.com/TooTallNate/node-bindings',
152 silly install resolved     license: 'MIT',
152 silly install resolved     gitHead: 'e404152ee27f8478ccbc7122ee051246e8e5ec02',
152 silly install resolved     _id: 'bindings@1.2.1',
152 silly install resolved     scripts: {},
152 silly install resolved     _shasum: '14ad6113812d2d37d72e67b4cacb4bb726505f11',
152 silly install resolved     _from: 'bindings@1.2.1',
152 silly install resolved     _npmVersion: '1.4.14',
152 silly install resolved     _npmUser: { name: 'tootallnate', email: 'nathan@tootallnate.net' },
152 silly install resolved     maintainers: [ [Object], [Object] ],
152 silly install resolved     dist:
152 silly install resolved      { shasum: '14ad6113812d2d37d72e67b4cacb4bb726505f11',
152 silly install resolved        tarball: 'https://registry.npmjs.org/bindings/-/bindings-1.2.1.tgz' },
152 silly install resolved     directories: {},
152 silly install resolved     _resolved: 'https://registry.npmjs.org/bindings/-/bindings-1.2.1.tgz',
152 silly install resolved     readme: 'ERROR: No README data found!' },
152 silly install resolved   { name: 'nan',
152 silly install resolved     version: '2.3.5',
152 silly install resolved     description: 'Native Abstractions for Node.js: C++ header for Node 0.8 -> 6 compatibility',
152 silly install resolved     main: 'include_dirs.js',
152 silly install resolved     repository: { type: 'git', url: 'git://github.com/nodejs/nan.git' },
152 silly install resolved     scripts:
152 silly install resolved      { test: 'tap --gc --stderr test/js/*-test.js',
152 silly install resolved        'rebuild-tests': 'node-gyp rebuild --msvs_version=2013 --directory test',
152 silly install resolved        docs: 'doc/.build.sh' },
152 silly install resolved     contributors:
152 silly install resolved      [ [Object],
152 silly install resolved        [Object],
152 silly install resolved        [Object],
152 silly install resolved        [Object],
152 silly install resolved        [Object],
152 silly install resolved        [Object],
152 silly install resolved        [Object] ],
152 silly install resolved     devDependencies:
152 silly install resolved      { bindings: '~1.2.1',
152 silly install resolved        commander: '^2.8.1',
152 silly install resolved        glob: '^5.0.14',
152 silly install resolved        'node-gyp': '~3.0.1',
152 silly install resolved        tap: '~0.7.1',
152 silly install resolved        xtend: '~4.0.0' },
152 silly install resolved     license: 'MIT',
152 silly install resolved     bugs: { url: 'https://github.com/nodejs/nan/issues' },
152 silly install resolved     homepage: 'https://github.com/nodejs/nan#readme',
152 silly install resolved     _id: 'nan@2.3.5',
152 silly install resolved     _shasum: '822a0dc266290ce4cd3a12282ca3e7e364668a08',
152 silly install resolved     _resolved: 'https://registry.npmjs.org/nan/-/nan-2.3.5.tgz',
152 silly install resolved     _from: 'nan@2.3.5',
152 silly install resolved     _npmVersion: '3.3.6',
152 silly install resolved     _nodeVersion: '5.0.0',
152 silly install resolved     _npmUser: { name: 'kkoopa', email: 'bbyholm@abo.fi' },
152 silly install resolved     dist:
152 silly install resolved      { shasum: '822a0dc266290ce4cd3a12282ca3e7e364668a08',
152 silly install resolved        tarball: 'https://registry.npmjs.org/nan/-/nan-2.3.5.tgz' },
152 silly install resolved     maintainers: [ [Object], [Object] ],
152 silly install resolved     _npmOperationalInternal:
152 silly install resolved      { host: 'packages-12-west.internal.npmjs.com',
152 silly install resolved        tmp: 'tmp/nan-2.3.5.tgz_1464707164994_0.4295874561648816' },
152 silly install resolved     directories: {},
152 silly install resolved     readme: 'ERROR: No README data found!' } ]
153 info install bindings@1.2.1 into C:\Ravee\nodejs\Express\mongo3\node_modules\bcrypt
154 info install nan@2.3.5 into C:\Ravee\nodejs\Express\mongo3\node_modules\bcrypt
155 info installOne bindings@1.2.1
156 verbose installOne of bindings to C:\Ravee\nodejs\Express\mongo3\node_modules\bcrypt not in flight; installing
157 info installOne nan@2.3.5
158 verbose installOne of nan to C:\Ravee\nodejs\Express\mongo3\node_modules\bcrypt not in flight; installing
159 verbose lock using C:\Users\ravi.intipalli\AppData\Roaming\npm-cache\_locks\bindings-3b9dc950faaf613c.lock for C:\Ravee\nodejs\Express\mongo3\node_modules\bcrypt\node_modules\bindings
160 verbose lock using C:\Users\ravi.intipalli\AppData\Roaming\npm-cache\_locks\nan-b2cfd2cdc01004b5.lock for C:\Ravee\nodejs\Express\mongo3\node_modules\bcrypt\node_modules\nan
161 silly install write writing nan 2.3.5 to C:\Ravee\nodejs\Express\mongo3\node_modules\bcrypt\node_modules\nan
162 verbose unbuild node_modules\bcrypt\node_modules\nan
163 silly install write writing bindings 1.2.1 to C:\Ravee\nodejs\Express\mongo3\node_modules\bcrypt\node_modules\bindings
164 silly gentlyRm C:\Ravee\nodejs\Express\mongo3\node_modules\bcrypt\node_modules\nan is being purged from base C:\Ravee\nodejs\Express\mongo3
165 verbose gentlyRm don't care about contents; nuking C:\Ravee\nodejs\Express\mongo3\node_modules\bcrypt\node_modules\nan
166 verbose tar unpack C:\Users\ravi.intipalli\AppData\Roaming\npm-cache\nan\2.3.5\package.tgz
167 verbose tar unpacking to C:\Ravee\nodejs\Express\mongo3\node_modules\bcrypt\node_modules\nan
168 silly gentlyRm C:\Ravee\nodejs\Express\mongo3\node_modules\bcrypt\node_modules\nan is being purged
169 verbose gentlyRm don't care about contents; nuking C:\Ravee\nodejs\Express\mongo3\node_modules\bcrypt\node_modules\nan
170 silly gunzTarPerm modes [ '777', '666' ]
171 verbose unbuild node_modules\bcrypt\node_modules\bindings
172 silly gentlyRm C:\Ravee\nodejs\Express\mongo3\node_modules\bcrypt\node_modules\bindings is being purged from base C:\Ravee\nodejs\Express\mongo3
173 verbose gentlyRm don't care about contents; nuking C:\Ravee\nodejs\Express\mongo3\node_modules\bcrypt\node_modules\bindings
174 verbose tar unpack C:\Users\ravi.intipalli\AppData\Roaming\npm-cache\bindings\1.2.1\package.tgz
175 verbose tar unpacking to C:\Ravee\nodejs\Express\mongo3\node_modules\bcrypt\node_modules\bindings
176 silly gentlyRm C:\Ravee\nodejs\Express\mongo3\node_modules\bcrypt\node_modules\bindings is being purged
177 verbose gentlyRm don't care about contents; nuking C:\Ravee\nodejs\Express\mongo3\node_modules\bcrypt\node_modules\bindings
178 silly gunzTarPerm modes [ '777', '666' ]
179 silly gunzTarPerm extractEntry package.json
180 silly gunzTarPerm modified mode [ 'package.json', 436, 438 ]
181 silly gunzTarPerm extractEntry README.md
182 silly gunzTarPerm modified mode [ 'README.md', 436, 438 ]
183 silly gunzTarPerm extractEntry package.json
184 silly gunzTarPerm modified mode [ 'package.json', 420, 438 ]
185 silly gunzTarPerm extractEntry include_dirs.js
186 silly gunzTarPerm modified mode [ 'include_dirs.js', 436, 438 ]
187 silly gunzTarPerm extractEntry README.md
188 silly gunzTarPerm modified mode [ 'README.md', 420, 438 ]
189 silly gunzTarPerm extractEntry bindings.js
190 silly gunzTarPerm modified mode [ 'bindings.js', 420, 438 ]
191 silly gunzTarPerm extractEntry nan_converters.h
192 silly gunzTarPerm modified mode [ 'nan_converters.h', 436, 438 ]
193 silly gunzTarPerm extractEntry LICENSE.md
194 silly gunzTarPerm modified mode [ 'LICENSE.md', 436, 438 ]
195 silly gunzTarPerm extractEntry doc/node_misc.md
196 silly gunzTarPerm modified mode [ 'doc/node_misc.md', 436, 438 ]
197 silly gunzTarPerm extractEntry doc/asyncworker.md
198 silly gunzTarPerm modified mode [ 'doc/asyncworker.md', 436, 438 ]
199 silly gunzTarPerm extractEntry doc/callback.md
200 silly gunzTarPerm modified mode [ 'doc/callback.md', 436, 438 ]
201 silly gunzTarPerm extractEntry doc/converters.md
202 silly gunzTarPerm modified mode [ 'doc/converters.md', 436, 438 ]
203 silly gunzTarPerm extractEntry doc/errors.md
204 silly gunzTarPerm modified mode [ 'doc/errors.md', 436, 438 ]
205 silly gunzTarPerm extractEntry doc/maybe_types.md
206 silly gunzTarPerm modified mode [ 'doc/maybe_types.md', 436, 438 ]
207 verbose write writing to C:\Ravee\nodejs\Express\mongo3\node_modules\bcrypt\node_modules\bindings\package.json
208 silly gunzTarPerm extractEntry doc/methods.md
209 silly gunzTarPerm modified mode [ 'doc/methods.md', 436, 438 ]
210 silly gunzTarPerm extractEntry doc/new.md
211 silly gunzTarPerm modified mode [ 'doc/new.md', 436, 438 ]
212 info preinstall bindings@1.2.1
213 verbose readDependencies loading dependencies from C:\Ravee\nodejs\Express\mongo3\node_modules\bcrypt\node_modules\bindings\package.json
214 verbose readDependencies loading dependencies from C:\Ravee\nodejs\Express\mongo3\node_modules\bcrypt\node_modules\bindings\package.json
215 silly install resolved []
216 verbose about to build C:\Ravee\nodejs\Express\mongo3\node_modules\bcrypt\node_modules\bindings
217 info build C:\Ravee\nodejs\Express\mongo3\node_modules\bcrypt\node_modules\bindings
218 silly gunzTarPerm extractEntry doc/buffers.md
219 silly gunzTarPerm modified mode [ 'doc/buffers.md', 436, 438 ]
220 silly gunzTarPerm extractEntry doc/object_wrappers.md
221 silly gunzTarPerm modified mode [ 'doc/object_wrappers.md', 436, 438 ]
222 info linkStuff bindings@1.2.1
223 silly linkStuff bindings@1.2.1 has C:\Ravee\nodejs\Express\mongo3\node_modules\bcrypt\node_modules as its parent node_modules
224 verbose linkBins bindings@1.2.1
225 verbose linkMans bindings@1.2.1
226 verbose rebuildBundles bindings@1.2.1
227 info install bindings@1.2.1
228 silly gunzTarPerm extractEntry doc/persistent.md
229 silly gunzTarPerm modified mode [ 'doc/persistent.md', 436, 438 ]
230 silly gunzTarPerm extractEntry doc/scopes.md
231 silly gunzTarPerm modified mode [ 'doc/scopes.md', 436, 438 ]
232 info postinstall bindings@1.2.1
233 verbose unlock done using C:\Users\ravi.intipalli\AppData\Roaming\npm-cache\_locks\bindings-3b9dc950faaf613c.lock for C:\Ravee\nodejs\Express\mongo3\node_modules\bcrypt\node_modules\bindings
234 silly gunzTarPerm extractEntry doc/script.md
235 silly gunzTarPerm modified mode [ 'doc/script.md', 436, 438 ]
236 silly gunzTarPerm extractEntry doc/string_bytes.md
237 silly gunzTarPerm modified mode [ 'doc/string_bytes.md', 436, 438 ]
238 silly gunzTarPerm extractEntry doc/v8_internals.md
239 silly gunzTarPerm modified mode [ 'doc/v8_internals.md', 436, 438 ]
240 silly gunzTarPerm extractEntry doc/v8_misc.md
241 silly gunzTarPerm modified mode [ 'doc/v8_misc.md', 436, 438 ]
242 silly gunzTarPerm extractEntry nan.h
243 silly gunzTarPerm modified mode [ 'nan.h', 436, 438 ]
244 silly gunzTarPerm extractEntry nan_callbacks.h
245 silly gunzTarPerm modified mode [ 'nan_callbacks.h', 436, 438 ]
246 silly gunzTarPerm extractEntry nan_callbacks_12_inl.h
247 silly gunzTarPerm modified mode [ 'nan_callbacks_12_inl.h', 436, 438 ]
248 silly gunzTarPerm extractEntry nan_callbacks_pre_12_inl.h
249 silly gunzTarPerm modified mode [ 'nan_callbacks_pre_12_inl.h', 436, 438 ]
250 silly gunzTarPerm extractEntry nan_converters_43_inl.h
251 silly gunzTarPerm modified mode [ 'nan_converters_43_inl.h', 436, 438 ]
252 silly gunzTarPerm extractEntry nan_converters_pre_43_inl.h
253 silly gunzTarPerm modified mode [ 'nan_converters_pre_43_inl.h', 436, 438 ]
254 silly gunzTarPerm extractEntry nan_implementation_12_inl.h
255 silly gunzTarPerm modified mode [ 'nan_implementation_12_inl.h', 436, 438 ]
256 silly gunzTarPerm extractEntry nan_implementation_pre_12_inl.h
257 silly gunzTarPerm modified mode [ 'nan_implementation_pre_12_inl.h', 436, 438 ]
258 silly gunzTarPerm extractEntry nan_maybe_43_inl.h
259 silly gunzTarPerm modified mode [ 'nan_maybe_43_inl.h', 436, 438 ]
260 silly gunzTarPerm extractEntry nan_maybe_pre_43_inl.h
261 silly gunzTarPerm modified mode [ 'nan_maybe_pre_43_inl.h', 436, 438 ]
262 silly gunzTarPerm extractEntry nan_new.h
263 silly gunzTarPerm modified mode [ 'nan_new.h', 436, 438 ]
264 silly gunzTarPerm extractEntry nan_object_wrap.h
265 silly gunzTarPerm modified mode [ 'nan_object_wrap.h', 436, 438 ]
266 silly gunzTarPerm extractEntry nan_persistent_12_inl.h
267 silly gunzTarPerm modified mode [ 'nan_persistent_12_inl.h', 436, 438 ]
268 silly gunzTarPerm extractEntry nan_persistent_pre_12_inl.h
269 silly gunzTarPerm modified mode [ 'nan_persistent_pre_12_inl.h', 436, 438 ]
270 silly gunzTarPerm extractEntry nan_string_bytes.h
271 silly gunzTarPerm modified mode [ 'nan_string_bytes.h', 436, 438 ]
272 silly gunzTarPerm extractEntry nan_typedarray_contents.h
273 silly gunzTarPerm modified mode [ 'nan_typedarray_contents.h', 436, 438 ]
274 silly gunzTarPerm extractEntry nan_weak.h
275 silly gunzTarPerm modified mode [ 'nan_weak.h', 436, 438 ]
276 silly gunzTarPerm extractEntry CHANGELOG.md
277 silly gunzTarPerm modified mode [ 'CHANGELOG.md', 436, 438 ]
278 silly gunzTarPerm extractEntry tools/package.json
279 silly gunzTarPerm modified mode [ 'tools/package.json', 436, 438 ]
280 silly gunzTarPerm extractEntry tools/README.md
281 silly gunzTarPerm modified mode [ 'tools/README.md', 436, 438 ]
282 silly gunzTarPerm extractEntry tools/1to2.js
283 silly gunzTarPerm modified mode [ 'tools/1to2.js', 509, 511 ]
284 verbose write writing to C:\Ravee\nodejs\Express\mongo3\node_modules\bcrypt\node_modules\nan\package.json
285 info preinstall nan@2.3.5
286 verbose readDependencies loading dependencies from C:\Ravee\nodejs\Express\mongo3\node_modules\bcrypt\node_modules\nan\package.json
287 verbose readDependencies loading dependencies from C:\Ravee\nodejs\Express\mongo3\node_modules\bcrypt\node_modules\nan\package.json
288 silly install resolved []
289 verbose about to build C:\Ravee\nodejs\Express\mongo3\node_modules\bcrypt\node_modules\nan
290 info build C:\Ravee\nodejs\Express\mongo3\node_modules\bcrypt\node_modules\nan
291 info linkStuff nan@2.3.5
292 silly linkStuff nan@2.3.5 has C:\Ravee\nodejs\Express\mongo3\node_modules\bcrypt\node_modules as its parent node_modules
293 verbose linkBins nan@2.3.5
294 verbose linkMans nan@2.3.5
295 verbose rebuildBundles nan@2.3.5
296 info install nan@2.3.5
297 info postinstall nan@2.3.5
298 verbose unlock done using C:\Users\ravi.intipalli\AppData\Roaming\npm-cache\_locks\nan-b2cfd2cdc01004b5.lock for C:\Ravee\nodejs\Express\mongo3\node_modules\bcrypt\node_modules\nan
299 verbose about to build C:\Ravee\nodejs\Express\mongo3\node_modules\bcrypt
300 info build C:\Ravee\nodejs\Express\mongo3\node_modules\bcrypt
301 info linkStuff bcrypt@0.8.7
302 silly linkStuff bcrypt@0.8.7 has C:\Ravee\nodejs\Express\mongo3\node_modules as its parent node_modules
303 verbose linkBins bcrypt@0.8.7
304 verbose linkMans bcrypt@0.8.7
305 verbose rebuildBundles bcrypt@0.8.7
306 verbose rebuildBundles [ 'bindings', 'nan' ]
307 info install bcrypt@0.8.7
308 verbose unsafe-perm in lifecycle true
309 info bcrypt@0.8.7 Failed to exec install script
310 verbose unlock done using C:\Users\ravi.intipalli\AppData\Roaming\npm-cache\_locks\bcrypt-efc1222d0fffbb9a.lock for C:\Ravee\nodejs\Express\mongo3\node_modules\bcrypt
311 verbose stack Error: bcrypt@0.8.7 install: `node-gyp rebuild`
311 verbose stack Exit status 1
311 verbose stack     at EventEmitter.<anonymous> (C:\Program Files\nodejs\node_modules\npm\lib\utils\lifecycle.js:214:16)
311 verbose stack     at emitTwo (events.js:87:13)
311 verbose stack     at EventEmitter.emit (events.js:172:7)
311 verbose stack     at ChildProcess.<anonymous> (C:\Program Files\nodejs\node_modules\npm\lib\utils\spawn.js:24:14)
311 verbose stack     at emitTwo (events.js:87:13)
311 verbose stack     at ChildProcess.emit (events.js:172:7)
311 verbose stack     at maybeClose (internal/child_process.js:818:16)
311 verbose stack     at Process.ChildProcess._handle.onexit (internal/child_process.js:211:5)
312 verbose pkgid bcrypt@0.8.7
313 verbose cwd C:\Ravee\nodejs\Express\mongo3
314 error Windows_NT 6.1.7601
315 error argv "C:\\Program Files\\nodejs\\node.exe" "C:\\Program Files\\nodejs\\node_modules\\npm\\bin\\npm-cli.js" "install" "-save" "bcrypt"
316 error node v4.2.3
317 error npm  v2.14.7
318 error code ELIFECYCLE
319 error bcrypt@0.8.7 install: `node-gyp rebuild`
319 error Exit status 1
320 error Failed at the bcrypt@0.8.7 install script 'node-gyp rebuild'.
320 error This is most likely a problem with the bcrypt package,
320 error not with npm itself.
320 error Tell the author that this fails on your system:
320 error     node-gyp rebuild
320 error You can get their info via:
320 error     npm owner ls bcrypt
320 error There is likely additional logging output above.
321 verbose exit [ 1, true ]
322 verbose unbuild node_modules\bcrypt
323 info preuninstall bcrypt@0.8.7
324 info uninstall bcrypt@0.8.7
325 verbose unbuild rmStuff bcrypt@0.8.7 from C:\Ravee\nodejs\Express\mongo3\node_modules
326 info postuninstall bcrypt@0.8.7
327 silly gentlyRm C:\Ravee\nodejs\Express\mongo3\node_modules\bcrypt is being purged from base C:\Ravee\nodejs\Express\mongo3
328 verbose gentlyRm don't care about contents; nuking C:\Ravee\nodejs\Express\mongo3\node_modules\bcrypt
329 silly vacuum-fs purging C:\Ravee\nodejs\Express\mongo3\node_modules\bcrypt
330 silly vacuum-fs quitting because other entries in C:\Ravee\nodejs\Express\mongo3\node_modules
